<?xml version="1.0" encoding="UTF-8"?>
<testng-results ignored="0" total="18" passed="18" failed="0" skipped="0">
  <reporter-output>
  </reporter-output>
  <suite started-at="2026-05-16T16:09:12 IST" name="Selenium Automation Portfolio Suite" finished-at="2026-05-16T16:10:18 IST" duration-ms="65633">
    <groups>
    </groups>
    <test started-at="2026-05-16T16:09:12 IST" name="Chrome Tests" finished-at="2026-05-16T16:10:18 IST" duration-ms="65633">
      <class name="com.qaportfolio.tests.CheckoutTest">
        <test-method is-config="true" signature="setUp(java.lang.String)[pri:0, instance:com.qaportfolio.tests.CheckoutTest@69453e37]" started-at="2026-05-16T16:10:07 IST" name="setUp" finished-at="2026-05-16T16:10:08 IST" duration-ms="1714" status="PASS">
          <params>
            <param index="0">
              <value>
                <![CDATA[chrome]]>
              </value>
            </param>
          </params>
          <reporter-output>
          </reporter-output>
        </test-method> <!-- setUp -->
        <test-method is-config="true" signature="loginBeforeTest()[pri:0, instance:com.qaportfolio.tests.CheckoutTest@69453e37]" started-at="2026-05-16T16:10:08 IST" name="loginBeforeTest" finished-at="2026-05-16T16:10:09 IST" duration-ms="760" status="PASS">
          <reporter-output>
          </reporter-output>
        </test-method> <!-- loginBeforeTest -->
        <test-method signature="TC01_EndToEndCheckout()[pri:1, instance:com.qaportfolio.tests.CheckoutTest@69453e37]" started-at="2026-05-16T16:10:09 IST" name="TC01_EndToEndCheckout" description="Complete end-to-end checkout flow" finished-at="2026-05-16T16:10:10 IST" duration-ms="1068" status="PASS">
          <reporter-output>
          </reporter-output>
        </test-method> <!-- TC01_EndToEndCheckout -->
        <test-method is-config="true" signature="tearDown(org.testng.ITestResult)[pri:0, instance:com.qaportfolio.tests.CheckoutTest@69453e37]" started-at="2026-05-16T16:10:10 IST" name="tearDown" finished-at="2026-05-16T16:10:11 IST" duration-ms="417" status="PASS">
          <params>
            <param index="0">
              <value>
                <![CDATA[[TestResult name=TC01_EndToEndCheckout status=SUCCESS method=CheckoutTest.TC01_EndToEndCheckout()[pri:1, instance:com.qaportfolio.tests.CheckoutTest@69453e37] output={null}]]]>
              </value>
            </param>
          </params>
          <reporter-output>
          </reporter-output>
        </test-method> <!-- tearDown -->
        <test-method is-config="true" signature="setUp(java.lang.String)[pri:0, instance:com.qaportfolio.tests.CheckoutTest@69453e37]" started-at="2026-05-16T16:10:11 IST" name="setUp" finished-at="2026-05-16T16:10:12 IST" duration-ms="1637" status="PASS">
          <params>
            <param index="0">
              <value>
                <![CDATA[chrome]]>
              </value>
            </param>
          </params>
          <reporter-output>
          </reporter-output>
        </test-method> <!-- setUp -->
        <test-method is-config="true" signature="loginBeforeTest()[pri:0, instance:com.qaportfolio.tests.CheckoutTest@69453e37]" started-at="2026-05-16T16:10:12 IST" name="loginBeforeTest" finished-at="2026-05-16T16:10:13 IST" duration-ms="571" status="PASS">
          <reporter-output>
          </reporter-output>
        </test-method> <!-- loginBeforeTest -->
        <test-method signature="TC02_CheckoutWithoutFirstName()[pri:2, instance:com.qaportfolio.tests.CheckoutTest@69453e37]" started-at="2026-05-16T16:10:13 IST" name="TC02_CheckoutWithoutFirstName" description="Checkout fails without first name" finished-at="2026-05-16T16:10:14 IST" duration-ms="873" status="PASS">
          <reporter-output>
          </reporter-output>
        </test-method> <!-- TC02_CheckoutWithoutFirstName -->
        <test-method is-config="true" signature="tearDown(org.testng.ITestResult)[pri:0, instance:com.qaportfolio.tests.CheckoutTest@69453e37]" started-at="2026-05-16T16:10:14 IST" name="tearDown" finished-at="2026-05-16T16:10:14 IST" duration-ms="480" status="PASS">
          <params>
            <param index="0">
              <value>
                <![CDATA[[TestResult name=TC02_CheckoutWithoutFirstName status=SUCCESS method=CheckoutTest.TC02_CheckoutWithoutFirstName()[pri:2, instance:com.qaportfolio.tests.CheckoutTest@69453e37] output={null}]]]>
              </value>
            </param>
          </params>
          <reporter-output>
          </reporter-output>
        </test-method> <!-- tearDown -->
        <test-method is-config="true" signature="setUp(java.lang.String)[pri:0, instance:com.qaportfolio.tests.CheckoutTest@69453e37]" started-at="2026-05-16T16:10:14 IST" name="setUp" finished-at="2026-05-16T16:10:16 IST" duration-ms="1751" status="PASS">
          <params>
            <param index="0">
              <value>
                <![CDATA[chrome]]>
              </value>
            </param>
          </params>
          <reporter-output>
          </reporter-output>
        </test-method> <!-- setUp -->
        <test-method is-config="true" signature="loginBeforeTest()[pri:0, instance:com.qaportfolio.tests.CheckoutTest@69453e37]" started-at="2026-05-16T16:10:16 IST" name="loginBeforeTest" finished-at="2026-05-16T16:10:17 IST" duration-ms="475" status="PASS">
          <reporter-output>
          </reporter-output>
        </test-method> <!-- loginBeforeTest -->
        <test-method signature="TC03_CheckoutWithoutPostalCode()[pri:3, instance:com.qaportfolio.tests.CheckoutTest@69453e37]" started-at="2026-05-16T16:10:17 IST" name="TC03_CheckoutWithoutPostalCode" description="Checkout fails without postal code" finished-at="2026-05-16T16:10:17 IST" duration-ms="669" status="PASS">
          <reporter-output>
          </reporter-output>
        </test-method> <!-- TC03_CheckoutWithoutPostalCode -->
        <test-method is-config="true" signature="tearDown(org.testng.ITestResult)[pri:0, instance:com.qaportfolio.tests.CheckoutTest@69453e37]" started-at="2026-05-16T16:10:17 IST" name="tearDown" finished-at="2026-05-16T16:10:18 IST" duration-ms="469" status="PASS">
          <params>
            <param index="0">
              <value>
                <![CDATA[[TestResult name=TC03_CheckoutWithoutPostalCode status=SUCCESS method=CheckoutTest.TC03_CheckoutWithoutPostalCode()[pri:3, instance:com.qaportfolio.tests.CheckoutTest@69453e37] output={null}]]]>
              </value>
            </param>
          </params>
          <reporter-output>
          </reporter-output>
        </test-method> <!-- tearDown -->
      </class> <!-- com.qaportfolio.tests.CheckoutTest -->
      <class name="com.qaportfolio.tests.InventoryTest">
        <test-method is-config="true" signature="setUp(java.lang.String)[pri:0, instance:com.qaportfolio.tests.InventoryTest@544fa968]" started-at="2026-05-16T16:09:44 IST" name="setUp" finished-at="2026-05-16T16:09:46 IST" duration-ms="1918" status="PASS">
          <params>
            <param index="0">
              <value>
                <![CDATA[chrome]]>
              </value>
            </param>
          </params>
          <reporter-output>
          </reporter-output>
        </test-method> <!-- setUp -->
        <test-method is-config="true" signature="loginBeforeTest()[pri:0, instance:com.qaportfolio.tests.InventoryTest@544fa968]" started-at="2026-05-16T16:09:46 IST" name="loginBeforeTest" finished-at="2026-05-16T16:09:46 IST" duration-ms="443" status="PASS">
          <reporter-output>
          </reporter-output>
        </test-method> <!-- loginBeforeTest -->
        <test-method signature="TC01_ProductCountIs6()[pri:1, instance:com.qaportfolio.tests.InventoryTest@544fa968]" started-at="2026-05-16T16:09:46 IST" name="TC01_ProductCountIs6" description="Verify 6 products are displayed on inventory page" finished-at="2026-05-16T16:09:46 IST" duration-ms="165" status="PASS">
          <reporter-output>
          </reporter-output>
        </test-method> <!-- TC01_ProductCountIs6 -->
        <test-method is-config="true" signature="tearDown(org.testng.ITestResult)[pri:0, instance:com.qaportfolio.tests.InventoryTest@544fa968]" started-at="2026-05-16T16:09:46 IST" name="tearDown" finished-at="2026-05-16T16:09:47 IST" duration-ms="304" status="PASS">
          <params>
            <param index="0">
              <value>
                <![CDATA[[TestResult name=TC01_ProductCountIs6 status=SUCCESS method=InventoryTest.TC01_ProductCountIs6()[pri:1, instance:com.qaportfolio.tests.InventoryTest@544fa968] output={null}]]]>
              </value>
            </param>
          </params>
          <reporter-output>
          </reporter-output>
        </test-method> <!-- tearDown -->
        <test-method is-config="true" signature="setUp(java.lang.String)[pri:0, instance:com.qaportfolio.tests.InventoryTest@544fa968]" started-at="2026-05-16T16:09:47 IST" name="setUp" finished-at="2026-05-16T16:09:50 IST" duration-ms="3163" status="PASS">
          <params>
            <param index="0">
              <value>
                <![CDATA[chrome]]>
              </value>
            </param>
          </params>
          <reporter-output>
          </reporter-output>
        </test-method> <!-- setUp -->
        <test-method is-config="true" signature="loginBeforeTest()[pri:0, instance:com.qaportfolio.tests.InventoryTest@544fa968]" started-at="2026-05-16T16:09:50 IST" name="loginBeforeTest" finished-at="2026-05-16T16:09:50 IST" duration-ms="654" status="PASS">
          <reporter-output>
          </reporter-output>
        </test-method> <!-- loginBeforeTest -->
        <test-method signature="TC02_SortAtoZ()[pri:2, instance:com.qaportfolio.tests.InventoryTest@544fa968]" started-at="2026-05-16T16:09:50 IST" name="TC02_SortAtoZ" description="Verify products can be sorted A to Z" finished-at="2026-05-16T16:09:51 IST" duration-ms="320" status="PASS">
          <reporter-output>
          </reporter-output>
        </test-method> <!-- TC02_SortAtoZ -->
        <test-method is-config="true" signature="tearDown(org.testng.ITestResult)[pri:0, instance:com.qaportfolio.tests.InventoryTest@544fa968]" started-at="2026-05-16T16:09:51 IST" name="tearDown" finished-at="2026-05-16T16:09:51 IST" duration-ms="285" status="PASS">
          <params>
            <param index="0">
              <value>
                <![CDATA[[TestResult name=TC02_SortAtoZ status=SUCCESS method=InventoryTest.TC02_SortAtoZ()[pri:2, instance:com.qaportfolio.tests.InventoryTest@544fa968] output={null}]]]>
              </value>
            </param>
          </params>
          <reporter-output>
          </reporter-output>
        </test-method> <!-- tearDown -->
        <test-method is-config="true" signature="setUp(java.lang.String)[pri:0, instance:com.qaportfolio.tests.InventoryTest@544fa968]" started-at="2026-05-16T16:09:51 IST" name="setUp" finished-at="2026-05-16T16:09:54 IST" duration-ms="2597" status="PASS">
          <params>
            <param index="0">
              <value>
                <![CDATA[chrome]]>
              </value>
            </param>
          </params>
          <reporter-output>
          </reporter-output>
        </test-method> <!-- setUp -->
        <test-method is-config="true" signature="loginBeforeTest()[pri:0, instance:com.qaportfolio.tests.InventoryTest@544fa968]" started-at="2026-05-16T16:09:54 IST" name="loginBeforeTest" finished-at="2026-05-16T16:09:54 IST" duration-ms="407" status="PASS">
          <reporter-output>
          </reporter-output>
        </test-method> <!-- loginBeforeTest -->
        <test-method signature="TC03_SortZtoA()[pri:3, instance:com.qaportfolio.tests.InventoryTest@544fa968]" started-at="2026-05-16T16:09:54 IST" name="TC03_SortZtoA" description="Verify products can be sorted Z to A" finished-at="2026-05-16T16:09:55 IST" duration-ms="438" status="PASS">
          <reporter-output>
          </reporter-output>
        </test-method> <!-- TC03_SortZtoA -->
        <test-method is-config="true" signature="tearDown(org.testng.ITestResult)[pri:0, instance:com.qaportfolio.tests.InventoryTest@544fa968]" started-at="2026-05-16T16:09:55 IST" name="tearDown" finished-at="2026-05-16T16:09:55 IST" duration-ms="250" status="PASS">
          <params>
            <param index="0">
              <value>
                <![CDATA[[TestResult name=TC03_SortZtoA status=SUCCESS method=InventoryTest.TC03_SortZtoA()[pri:3, instance:com.qaportfolio.tests.InventoryTest@544fa968] output={null}]]]>
              </value>
            </param>
          </params>
          <reporter-output>
          </reporter-output>
        </test-method> <!-- tearDown -->
        <test-method is-config="true" signature="setUp(java.lang.String)[pri:0, instance:com.qaportfolio.tests.InventoryTest@544fa968]" started-at="2026-05-16T16:09:55 IST" name="setUp" finished-at="2026-05-16T16:09:57 IST" duration-ms="2094" status="PASS">
          <params>
            <param index="0">
              <value>
                <![CDATA[chrome]]>
              </value>
            </param>
          </params>
          <reporter-output>
          </reporter-output>
        </test-method> <!-- setUp -->
        <test-method is-config="true" signature="loginBeforeTest()[pri:0, instance:com.qaportfolio.tests.InventoryTest@544fa968]" started-at="2026-05-16T16:09:57 IST" name="loginBeforeTest" finished-at="2026-05-16T16:09:58 IST" duration-ms="738" status="PASS">
          <reporter-output>
          </reporter-output>
        </test-method> <!-- loginBeforeTest -->
        <test-method signature="TC04_SortPriceLowToHigh()[pri:4, instance:com.qaportfolio.tests.InventoryTest@544fa968]" started-at="2026-05-16T16:09:58 IST" name="TC04_SortPriceLowToHigh" description="Verify products sorted low to high price" finished-at="2026-05-16T16:09:58 IST" duration-ms="405" status="PASS">
          <reporter-output>
          </reporter-output>
        </test-method> <!-- TC04_SortPriceLowToHigh -->
        <test-method is-config="true" signature="tearDown(org.testng.ITestResult)[pri:0, instance:com.qaportfolio.tests.InventoryTest@544fa968]" started-at="2026-05-16T16:09:58 IST" name="tearDown" finished-at="2026-05-16T16:09:58 IST" duration-ms="386" status="PASS">
          <params>
            <param index="0">
              <value>
                <![CDATA[[TestResult name=TC04_SortPriceLowToHigh status=SUCCESS method=InventoryTest.TC04_SortPriceLowToHigh()[pri:4, instance:com.qaportfolio.tests.InventoryTest@544fa968] output={null}]]]>
              </value>
            </param>
          </params>
          <reporter-output>
          </reporter-output>
        </test-method> <!-- tearDown -->
        <test-method is-config="true" signature="setUp(java.lang.String)[pri:0, instance:com.qaportfolio.tests.InventoryTest@544fa968]" started-at="2026-05-16T16:09:58 IST" name="setUp" finished-at="2026-05-16T16:10:02 IST" duration-ms="3156" status="PASS">
          <params>
            <param index="0">
              <value>
                <![CDATA[chrome]]>
              </value>
            </param>
          </params>
          <reporter-output>
          </reporter-output>
        </test-method> <!-- setUp -->
        <test-method is-config="true" signature="loginBeforeTest()[pri:0, instance:com.qaportfolio.tests.InventoryTest@544fa968]" started-at="2026-05-16T16:10:02 IST" name="loginBeforeTest" finished-at="2026-05-16T16:10:03 IST" duration-ms="1182" status="PASS">
          <reporter-output>
          </reporter-output>
        </test-method> <!-- loginBeforeTest -->
        <test-method signature="TC05_AddItemToCart()[pri:5, instance:com.qaportfolio.tests.InventoryTest@544fa968]" started-at="2026-05-16T16:10:03 IST" name="TC05_AddItemToCart" description="Verify adding item updates cart badge" finished-at="2026-05-16T16:10:03 IST" duration-ms="523" status="PASS">
          <reporter-output>
          </reporter-output>
        </test-method> <!-- TC05_AddItemToCart -->
        <test-method is-config="true" signature="tearDown(org.testng.ITestResult)[pri:0, instance:com.qaportfolio.tests.InventoryTest@544fa968]" started-at="2026-05-16T16:10:03 IST" name="tearDown" finished-at="2026-05-16T16:10:04 IST" duration-ms="503" status="PASS">
          <params>
            <param index="0">
              <value>
                <![CDATA[[TestResult name=TC05_AddItemToCart status=SUCCESS method=InventoryTest.TC05_AddItemToCart()[pri:5, instance:com.qaportfolio.tests.InventoryTest@544fa968] output={null}]]]>
              </value>
            </param>
          </params>
          <reporter-output>
          </reporter-output>
        </test-method> <!-- tearDown -->
        <test-method is-config="true" signature="setUp(java.lang.String)[pri:0, instance:com.qaportfolio.tests.InventoryTest@544fa968]" started-at="2026-05-16T16:10:04 IST" name="setUp" finished-at="2026-05-16T16:10:06 IST" duration-ms="1772" status="PASS">
          <params>
            <param index="0">
              <value>
                <![CDATA[chrome]]>
              </value>
            </param>
          </params>
          <reporter-output>
          </reporter-output>
        </test-method> <!-- setUp -->
        <test-method is-config="true" signature="loginBeforeTest()[pri:0, instance:com.qaportfolio.tests.InventoryTest@544fa968]" started-at="2026-05-16T16:10:06 IST" name="loginBeforeTest" finished-at="2026-05-16T16:10:06 IST" duration-ms="636" status="PASS">
          <reporter-output>
          </reporter-output>
        </test-method> <!-- loginBeforeTest -->
        <test-method signature="TC06_AddMultipleItemsToCart()[pri:6, instance:com.qaportfolio.tests.InventoryTest@544fa968]" started-at="2026-05-16T16:10:06 IST" name="TC06_AddMultipleItemsToCart" description="Verify adding multiple items updates cart badge correctly" finished-at="2026-05-16T16:10:06 IST" duration-ms="238" status="PASS">
          <reporter-output>
          </reporter-output>
        </test-method> <!-- TC06_AddMultipleItemsToCart -->
        <test-method is-config="true" signature="tearDown(org.testng.ITestResult)[pri:0, instance:com.qaportfolio.tests.InventoryTest@544fa968]" started-at="2026-05-16T16:10:06 IST" name="tearDown" finished-at="2026-05-16T16:10:07 IST" duration-ms="337" status="PASS">
          <params>
            <param index="0">
              <value>
                <![CDATA[[TestResult name=TC06_AddMultipleItemsToCart status=SUCCESS method=InventoryTest.TC06_AddMultipleItemsToCart()[pri:6, instance:com.qaportfolio.tests.InventoryTest@544fa968] output={null}]]]>
              </value>
            </param>
          </params>
          <reporter-output>
          </reporter-output>
        </test-method> <!-- tearDown -->
      </class> <!-- com.qaportfolio.tests.InventoryTest -->
      <class name="com.qaportfolio.tests.LoginTest">
        <test-method is-config="true" signature="beforeSuite()[pri:0, instance:com.qaportfolio.tests.LoginTest@6ad82709]" started-at="2026-05-16T16:09:12 IST" name="beforeSuite" finished-at="2026-05-16T16:09:12 IST" duration-ms="255" status="PASS">
          <reporter-output>
          </reporter-output>
        </test-method> <!-- beforeSuite -->
        <test-method is-config="true" signature="setUp(java.lang.String)[pri:0, instance:com.qaportfolio.tests.LoginTest@6ad82709]" started-at="2026-05-16T16:09:12 IST" name="setUp" finished-at="2026-05-16T16:09:15 IST" duration-ms="2850" status="PASS">
          <params>
            <param index="0">
              <value>
                <![CDATA[chrome]]>
              </value>
            </param>
          </params>
          <reporter-output>
          </reporter-output>
        </test-method> <!-- setUp -->
        <test-method signature="TC01_ValidLogin()[pri:1, instance:com.qaportfolio.tests.LoginTest@6ad82709]" started-at="2026-05-16T16:09:15 IST" name="TC01_ValidLogin" description="Verify successful login with valid credentials" finished-at="2026-05-16T16:09:16 IST" duration-ms="1052" status="PASS">
          <reporter-output>
          </reporter-output>
        </test-method> <!-- TC01_ValidLogin -->
        <test-method is-config="true" signature="tearDown(org.testng.ITestResult)[pri:0, instance:com.qaportfolio.tests.LoginTest@6ad82709]" started-at="2026-05-16T16:09:16 IST" name="tearDown" finished-at="2026-05-16T16:09:16 IST" duration-ms="414" status="PASS">
          <params>
            <param index="0">
              <value>
                <![CDATA[[TestResult name=TC01_ValidLogin status=SUCCESS method=LoginTest.TC01_ValidLogin()[pri:1, instance:com.qaportfolio.tests.LoginTest@6ad82709] output={null}]]]>
              </value>
            </param>
          </params>
          <reporter-output>
          </reporter-output>
        </test-method> <!-- tearDown -->
        <test-method is-config="true" signature="setUp(java.lang.String)[pri:0, instance:com.qaportfolio.tests.LoginTest@6ad82709]" started-at="2026-05-16T16:09:16 IST" name="setUp" finished-at="2026-05-16T16:09:19 IST" duration-ms="2501" status="PASS">
          <params>
            <param index="0">
              <value>
                <![CDATA[chrome]]>
              </value>
            </param>
          </params>
          <reporter-output>
          </reporter-output>
        </test-method> <!-- setUp -->
        <test-method signature="TC02_InvalidPassword()[pri:2, instance:com.qaportfolio.tests.LoginTest@6ad82709]" started-at="2026-05-16T16:09:19 IST" name="TC02_InvalidPassword" description="Verify login fails with wrong password" finished-at="2026-05-16T16:09:19 IST" duration-ms="568" status="PASS">
          <reporter-output>
          </reporter-output>
        </test-method> <!-- TC02_InvalidPassword -->
        <test-method is-config="true" signature="tearDown(org.testng.ITestResult)[pri:0, instance:com.qaportfolio.tests.LoginTest@6ad82709]" started-at="2026-05-16T16:09:19 IST" name="tearDown" finished-at="2026-05-16T16:09:20 IST" duration-ms="529" status="PASS">
          <params>
            <param index="0">
              <value>
                <![CDATA[[TestResult name=TC02_InvalidPassword status=SUCCESS method=LoginTest.TC02_InvalidPassword()[pri:2, instance:com.qaportfolio.tests.LoginTest@6ad82709] output={null}]]]>
              </value>
            </param>
          </params>
          <reporter-output>
          </reporter-output>
        </test-method> <!-- tearDown -->
        <test-method is-config="true" signature="setUp(java.lang.String)[pri:0, instance:com.qaportfolio.tests.LoginTest@6ad82709]" started-at="2026-05-16T16:09:20 IST" name="setUp" finished-at="2026-05-16T16:09:23 IST" duration-ms="3331" status="PASS">
          <params>
            <param index="0">
              <value>
                <![CDATA[chrome]]>
              </value>
            </param>
          </params>
          <reporter-output>
          </reporter-output>
        </test-method> <!-- setUp -->
        <test-method signature="TC03_EmptyUsername()[pri:3, instance:com.qaportfolio.tests.LoginTest@6ad82709]" started-at="2026-05-16T16:09:23 IST" name="TC03_EmptyUsername" description="Verify login fails with empty username" finished-at="2026-05-16T16:09:24 IST" duration-ms="814" status="PASS">
          <reporter-output>
          </reporter-output>
        </test-method> <!-- TC03_EmptyUsername -->
        <test-method is-config="true" signature="tearDown(org.testng.ITestResult)[pri:0, instance:com.qaportfolio.tests.LoginTest@6ad82709]" started-at="2026-05-16T16:09:24 IST" name="tearDown" finished-at="2026-05-16T16:09:25 IST" duration-ms="363" status="PASS">
          <params>
            <param index="0">
              <value>
                <![CDATA[[TestResult name=TC03_EmptyUsername status=SUCCESS method=LoginTest.TC03_EmptyUsername()[pri:3, instance:com.qaportfolio.tests.LoginTest@6ad82709] output={null}]]]>
              </value>
            </param>
          </params>
          <reporter-output>
          </reporter-output>
        </test-method> <!-- tearDown -->
        <test-method is-config="true" signature="setUp(java.lang.String)[pri:0, instance:com.qaportfolio.tests.LoginTest@6ad82709]" started-at="2026-05-16T16:09:25 IST" name="setUp" finished-at="2026-05-16T16:09:27 IST" duration-ms="2034" status="PASS">
          <params>
            <param index="0">
              <value>
                <![CDATA[chrome]]>
              </value>
            </param>
          </params>
          <reporter-output>
          </reporter-output>
        </test-method> <!-- setUp -->
        <test-method signature="TC04_LockedOutUser()[pri:4, instance:com.qaportfolio.tests.LoginTest@6ad82709]" started-at="2026-05-16T16:09:27 IST" name="TC04_LockedOutUser" description="Verify locked out user cannot login" finished-at="2026-05-16T16:09:27 IST" duration-ms="478" status="PASS">
          <reporter-output>
          </reporter-output>
        </test-method> <!-- TC04_LockedOutUser -->
        <test-method is-config="true" signature="tearDown(org.testng.ITestResult)[pri:0, instance:com.qaportfolio.tests.LoginTest@6ad82709]" started-at="2026-05-16T16:09:27 IST" name="tearDown" finished-at="2026-05-16T16:09:27 IST" duration-ms="364" status="PASS">
          <params>
            <param index="0">
              <value>
                <![CDATA[[TestResult name=TC04_LockedOutUser status=SUCCESS method=LoginTest.TC04_LockedOutUser()[pri:4, instance:com.qaportfolio.tests.LoginTest@6ad82709] output={null}]]]>
              </value>
            </param>
          </params>
          <reporter-output>
          </reporter-output>
        </test-method> <!-- tearDown -->
        <test-method is-config="true" signature="setUp(java.lang.String)[pri:0, instance:com.qaportfolio.tests.LoginTest@6ad82709]" started-at="2026-05-16T16:09:27 IST" name="setUp" finished-at="2026-05-16T16:09:29 IST" duration-ms="1657" status="PASS">
          <params>
            <param index="0">
              <value>
                <![CDATA[chrome]]>
              </value>
            </param>
          </params>
          <reporter-output>
          </reporter-output>
        </test-method> <!-- setUp -->
        <test-method signature="TC05_EmptyPassword()[pri:5, instance:com.qaportfolio.tests.LoginTest@6ad82709]" started-at="2026-05-16T16:09:29 IST" name="TC05_EmptyPassword" description="Verify login fails with empty password" finished-at="2026-05-16T16:09:30 IST" duration-ms="502" status="PASS">
          <reporter-output>
          </reporter-output>
        </test-method> <!-- TC05_EmptyPassword -->
        <test-method is-config="true" signature="tearDown(org.testng.ITestResult)[pri:0, instance:com.qaportfolio.tests.LoginTest@6ad82709]" started-at="2026-05-16T16:09:30 IST" name="tearDown" finished-at="2026-05-16T16:09:30 IST" duration-ms="282" status="PASS">
          <params>
            <param index="0">
              <value>
                <![CDATA[[TestResult name=TC05_EmptyPassword status=SUCCESS method=LoginTest.TC05_EmptyPassword()[pri:5, instance:com.qaportfolio.tests.LoginTest@6ad82709] output={null}]]]>
              </value>
            </param>
          </params>
          <reporter-output>
          </reporter-output>
        </test-method> <!-- tearDown -->
        <test-method is-config="true" signature="setUp(java.lang.String)[pri:0, instance:com.qaportfolio.tests.LoginTest@6ad82709]" started-at="2026-05-16T16:09:30 IST" name="setUp" finished-at="2026-05-16T16:09:32 IST" duration-ms="1830" status="PASS">
          <params>
            <param index="0">
              <value>
                <![CDATA[chrome]]>
              </value>
            </param>
          </params>
          <reporter-output>
          </reporter-output>
        </test-method> <!-- setUp -->
        <test-method signature="TC06_LoginPageLoads()[pri:6, instance:com.qaportfolio.tests.LoginTest@6ad82709]" started-at="2026-05-16T16:09:32 IST" name="TC06_LoginPageLoads" description="Verify login button is visible on page load" finished-at="2026-05-16T16:09:32 IST" duration-ms="42" status="PASS">
          <reporter-output>
          </reporter-output>
        </test-method> <!-- TC06_LoginPageLoads -->
        <test-method is-config="true" signature="tearDown(org.testng.ITestResult)[pri:0, instance:com.qaportfolio.tests.LoginTest@6ad82709]" started-at="2026-05-16T16:09:32 IST" name="tearDown" finished-at="2026-05-16T16:09:32 IST" duration-ms="272" status="PASS">
          <params>
            <param index="0">
              <value>
                <![CDATA[[TestResult name=TC06_LoginPageLoads status=SUCCESS method=LoginTest.TC06_LoginPageLoads()[pri:6, instance:com.qaportfolio.tests.LoginTest@6ad82709] output={null}]]]>
              </value>
            </param>
          </params>
          <reporter-output>
          </reporter-output>
        </test-method> <!-- tearDown -->
        <test-method is-config="true" signature="setUp(java.lang.String)[pri:0, instance:com.qaportfolio.tests.LoginTest@6ad82709]" started-at="2026-05-16T16:09:33 IST" name="setUp" finished-at="2026-05-16T16:09:35 IST" duration-ms="1770" status="PASS">
          <params>
            <param index="0">
              <value>
                <![CDATA[chrome]]>
              </value>
            </param>
          </params>
          <reporter-output>
          </reporter-output>
        </test-method> <!-- setUp -->
        <test-method signature="TC07_DDT_LoginWithExcelData(java.lang.String,java.lang.String,java.lang.String)[pri:7, instance:com.qaportfolio.tests.LoginTest@6ad82709]" started-at="2026-05-16T16:09:35 IST" name="TC07_DDT_LoginWithExcelData" description="Data Driven Test - login with multiple credentials from Excel" data-provider="loginData" finished-at="2026-05-16T16:09:35 IST" duration-ms="570" status="PASS">
          <params>
            <param index="0">
              <value>
                <![CDATA[standard_user]]>
              </value>
            </param>
            <param index="1">
              <value>
                <![CDATA[secret_sauce]]>
              </value>
            </param>
            <param index="2">
              <value>
                <![CDATA[pass]]>
              </value>
            </param>
          </params>
          <reporter-output>
          </reporter-output>
        </test-method> <!-- TC07_DDT_LoginWithExcelData -->
        <test-method is-config="true" signature="tearDown(org.testng.ITestResult)[pri:0, instance:com.qaportfolio.tests.LoginTest@6ad82709]" started-at="2026-05-16T16:09:35 IST" name="tearDown" finished-at="2026-05-16T16:09:35 IST" duration-ms="222" status="PASS">
          <params>
            <param index="0">
              <value>
                <![CDATA[[TestResult name=TC07_DDT_LoginWithExcelData status=SUCCESS method=LoginTest.TC07_DDT_LoginWithExcelData(java.lang.String,java.lang.String,java.lang.String)[pri:7, instance:com.qaportfolio.tests.LoginTest@6ad82709] output={null}]]]>
              </value>
            </param>
          </params>
          <reporter-output>
          </reporter-output>
        </test-method> <!-- tearDown -->
        <test-method is-config="true" signature="setUp(java.lang.String)[pri:0, instance:com.qaportfolio.tests.LoginTest@6ad82709]" started-at="2026-05-16T16:09:35 IST" name="setUp" finished-at="2026-05-16T16:09:39 IST" duration-ms="3482" status="PASS">
          <params>
            <param index="0">
              <value>
                <![CDATA[chrome]]>
              </value>
            </param>
          </params>
          <reporter-output>
          </reporter-output>
        </test-method> <!-- setUp -->
        <test-method signature="TC07_DDT_LoginWithExcelData(java.lang.String,java.lang.String,java.lang.String)[pri:7, instance:com.qaportfolio.tests.LoginTest@6ad82709]" started-at="2026-05-16T16:09:39 IST" name="TC07_DDT_LoginWithExcelData" description="Data Driven Test - login with multiple credentials from Excel" data-provider="loginData" finished-at="2026-05-16T16:09:39 IST" duration-ms="672" status="PASS">
          <params>
            <param index="0">
              <value>
                <![CDATA[locked_out_user]]>
              </value>
            </param>
            <param index="1">
              <value>
                <![CDATA[secret_sauce]]>
              </value>
            </param>
            <param index="2">
              <value>
                <![CDATA[fail]]>
              </value>
            </param>
          </params>
          <reporter-output>
          </reporter-output>
        </test-method> <!-- TC07_DDT_LoginWithExcelData -->
        <test-method is-config="true" signature="tearDown(org.testng.ITestResult)[pri:0, instance:com.qaportfolio.tests.LoginTest@6ad82709]" started-at="2026-05-16T16:09:39 IST" name="tearDown" finished-at="2026-05-16T16:09:40 IST" duration-ms="347" status="PASS">
          <params>
            <param index="0">
              <value>
                <![CDATA[[TestResult name=TC07_DDT_LoginWithExcelData status=SUCCESS method=LoginTest.TC07_DDT_LoginWithExcelData(java.lang.String,java.lang.String,java.lang.String)[pri:7, instance:com.qaportfolio.tests.LoginTest@6ad82709] output={null}]]]>
              </value>
            </param>
          </params>
          <reporter-output>
          </reporter-output>
        </test-method> <!-- tearDown -->
        <test-method is-config="true" signature="setUp(java.lang.String)[pri:0, instance:com.qaportfolio.tests.LoginTest@6ad82709]" started-at="2026-05-16T16:09:40 IST" name="setUp" finished-at="2026-05-16T16:09:43 IST" duration-ms="2913" status="PASS">
          <params>
            <param index="0">
              <value>
                <![CDATA[chrome]]>
              </value>
            </param>
          </params>
          <reporter-output>
          </reporter-output>
        </test-method> <!-- setUp -->
        <test-method signature="TC07_DDT_LoginWithExcelData(java.lang.String,java.lang.String,java.lang.String)[pri:7, instance:com.qaportfolio.tests.LoginTest@6ad82709]" started-at="2026-05-16T16:09:43 IST" name="TC07_DDT_LoginWithExcelData" description="Data Driven Test - login with multiple credentials from Excel" data-provider="loginData" finished-at="2026-05-16T16:09:43 IST" duration-ms="694" status="PASS">
          <params>
            <param index="0">
              <value>
                <![CDATA[invalid_user]]>
              </value>
            </param>
            <param index="1">
              <value>
                <![CDATA[wrong_pass]]>
              </value>
            </param>
            <param index="2">
              <value>
                <![CDATA[fail]]>
              </value>
            </param>
          </params>
          <reporter-output>
          </reporter-output>
        </test-method> <!-- TC07_DDT_LoginWithExcelData -->
        <test-method is-config="true" signature="tearDown(org.testng.ITestResult)[pri:0, instance:com.qaportfolio.tests.LoginTest@6ad82709]" started-at="2026-05-16T16:09:43 IST" name="tearDown" finished-at="2026-05-16T16:09:44 IST" duration-ms="352" status="PASS">
          <params>
            <param index="0">
              <value>
                <![CDATA[[TestResult name=TC07_DDT_LoginWithExcelData status=SUCCESS method=LoginTest.TC07_DDT_LoginWithExcelData(java.lang.String,java.lang.String,java.lang.String)[pri:7, instance:com.qaportfolio.tests.LoginTest@6ad82709] output={null}]]]>
              </value>
            </param>
          </params>
          <reporter-output>
          </reporter-output>
        </test-method> <!-- tearDown -->
        <test-method is-config="true" signature="afterSuite()[pri:0, instance:com.qaportfolio.tests.LoginTest@6ad82709]" started-at="2026-05-16T16:10:19 IST" name="afterSuite" finished-at="2026-05-16T16:10:19 IST" duration-ms="108" status="PASS">
          <reporter-output>
          </reporter-output>
        </test-method> <!-- afterSuite -->
      </class> <!-- com.qaportfolio.tests.LoginTest -->
    </test> <!-- Chrome Tests -->
  </suite> <!-- Selenium Automation Portfolio Suite -->
</testng-results>
