<?xml version="1.0" encoding="UTF-8"?>
<!-- Generated by org.testng.reporters.JUnitXMLReporter -->
<testsuite ignored="4" hostname="abhat" failures="0" tests="18" name="Chrome Tests" time="65.633" errors="0" timestamp="2026-05-16T16:10:19 IST">
  <testcase classname="com.qaportfolio.tests.LoginTest" name="TC01_ValidLogin" time="1.052"/>
  <testcase classname="com.qaportfolio.tests.LoginTest" name="TC02_InvalidPassword" time="0.568"/>
  <testcase classname="com.qaportfolio.tests.LoginTest" name="TC03_EmptyUsername" time="0.814"/>
  <testcase classname="com.qaportfolio.tests.LoginTest" name="TC04_LockedOutUser" time="0.478"/>
  <testcase classname="com.qaportfolio.tests.LoginTest" name="TC05_EmptyPassword" time="0.502"/>
  <testcase classname="com.qaportfolio.tests.LoginTest" name="TC06_LoginPageLoads" time="0.042"/>
  <testcase classname="com.qaportfolio.tests.LoginTest" name="TC07_DDT_LoginWithExcelData" time="0.57"/>
  <testcase classname="com.qaportfolio.tests.LoginTest" name="TC07_DDT_LoginWithExcelData" time="0.672"/>
  <testcase classname="com.qaportfolio.tests.LoginTest" name="TC07_DDT_LoginWithExcelData" time="0.694"/>
  <testcase classname="com.qaportfolio.tests.InventoryTest" name="TC01_ProductCountIs6" time="0.165"/>
  <testcase classname="com.qaportfolio.tests.InventoryTest" name="TC02_SortAtoZ" time="0.32"/>
  <testcase classname="com.qaportfolio.tests.InventoryTest" name="TC03_SortZtoA" time="0.438"/>
  <testcase classname="com.qaportfolio.tests.InventoryTest" name="TC04_SortPriceLowToHigh" time="0.405"/>
  <testcase classname="com.qaportfolio.tests.InventoryTest" name="TC05_AddItemToCart" time="0.523"/>
  <testcase classname="com.qaportfolio.tests.InventoryTest" name="TC06_AddMultipleItemsToCart" time="0.238"/>
  <testcase classname="com.qaportfolio.tests.CheckoutTest" name="TC01_EndToEndCheckout" time="1.068"/>
  <testcase classname="com.qaportfolio.tests.CheckoutTest" name="TC02_CheckoutWithoutFirstName" time="0.873"/>
  <testcase classname="com.qaportfolio.tests.CheckoutTest" name="TC03_CheckoutWithoutPostalCode" time="0.669"/>
  <testcase classname="com.qaportfolio.base.BaseTest" name="@BeforeSuite beforeSuite" time="0.0">
    <ignored/>
  </testcase> <!-- @BeforeSuite beforeSuite -->
  <testcase classname="com.qaportfolio.base.BaseTest" name="@BeforeSuite beforeSuite" time="0.0">
    <ignored/>
  </testcase> <!-- @BeforeSuite beforeSuite -->
  <testcase classname="com.qaportfolio.base.BaseTest" name="@AfterSuite afterSuite" time="0.0">
    <ignored/>
  </testcase> <!-- @AfterSuite afterSuite -->
  <testcase classname="com.qaportfolio.base.BaseTest" name="@AfterSuite afterSuite" time="0.0">
    <ignored/>
  </testcase> <!-- @AfterSuite afterSuite -->
</testsuite> <!-- Chrome Tests -->
