<?xml version="1.0" encoding="UTF-8"?>
<!-- Generated by org.testng.reporters.JUnitXMLReporter -->
<testsuite ignored="0" hostname="abhat" failures="1" tests="7" name="Edge Tests" time="5.805" errors="0" timestamp="2026-05-16T15:47:39 IST">
  <testcase classname="com.qaportfolio.tests.LoginTest" name="TC01_ValidLogin" time="0.0">
    <skipped/>
  </testcase> <!-- TC01_ValidLogin -->
  <testcase classname="com.qaportfolio.tests.LoginTest" name="TC02_InvalidPassword" time="0.0">
    <skipped/>
  </testcase> <!-- TC02_InvalidPassword -->
  <testcase classname="com.qaportfolio.tests.LoginTest" name="TC03_EmptyUsername" time="0.001">
    <skipped/>
  </testcase> <!-- TC03_EmptyUsername -->
  <testcase classname="com.qaportfolio.tests.LoginTest" name="TC04_LockedOutUser" time="0.0">
    <skipped/>
  </testcase> <!-- TC04_LockedOutUser -->
  <testcase classname="com.qaportfolio.tests.LoginTest" name="TC05_EmptyPassword" time="0.0">
    <skipped/>
  </testcase> <!-- TC05_EmptyPassword -->
  <testcase classname="com.qaportfolio.tests.LoginTest" name="TC06_LoginPageLoads" time="0.0">
    <skipped/>
  </testcase> <!-- TC06_LoginPageLoads -->
  <testcase classname="com.qaportfolio.tests.LoginTest" name="TC07_DDT_LoginWithExcelData" time="0.0">
    <failure type="java.lang.RuntimeException" message="java.lang.RuntimeException: Sheet &amp;apos;LoginData&amp;apos; not found in src/test/resources/testdata/LoginData.xlsx">
      <![CDATA[java.lang.RuntimeException: java.lang.RuntimeException: Sheet 'LoginData' not found in src/test/resources/testdata/LoginData.xlsx
at java.base/java.util.ArrayList.forEach(ArrayList.java:1596)
at java.base/java.util.concurrent.FutureTask.run(FutureTask.java:317)
at java.base/java.util.concurrent.ThreadPoolExecutor.runWorker(ThreadPoolExecutor.java:1144)
at java.base/java.util.concurrent.ThreadPoolExecutor$Worker.run(ThreadPoolExecutor.java:642)
at java.base/java.lang.Thread.run(Thread.java:1583)
Caused by: java.lang.RuntimeException: Sheet 'LoginData' not found in src/test/resources/testdata/LoginData.xlsx
at com.qaportfolio.utils.ExcelReader.<init>(ExcelReader.java:21)
at com.qaportfolio.tests.LoginTest.loginDataProvider(LoginTest.java:18)
... 19 more
... Removed 20 stack frames]]>
    </failure>
  </testcase> <!-- TC07_DDT_LoginWithExcelData -->
</testsuite> <!-- Edge Tests -->
