<?xml version="1.0" encoding="UTF-8"?>
<!-- Generated by org.testng.reporters.JUnitXMLReporter -->
<testsuite ignored="2" hostname="abhat" failures="1" tests="13" name="Firefox Tests" time="5.807" errors="0" timestamp="2026-05-16T15:47:39 IST">
  <testcase classname="com.qaportfolio.base.BaseTest" name="@BeforeMethod setUp" time="1.08">
    <failure type="io.github.bonigarcia.wdm.config.WebDriverManagerException" message="io.github.bonigarcia.wdm.config.WebDriverManagerException: java.net.UnknownHostException: msedgedriver.azureedge.net">
      <![CDATA[io.github.bonigarcia.wdm.config.WebDriverManagerException: io.github.bonigarcia.wdm.config.WebDriverManagerException: java.net.UnknownHostException: msedgedriver.azureedge.net
at io.github.bonigarcia.wdm.WebDriverManager.handleException(WebDriverManager.java:1421)
at io.github.bonigarcia.wdm.WebDriverManager.manage(WebDriverManager.java:1190)
at io.github.bonigarcia.wdm.WebDriverManager.fallback(WebDriverManager.java:1437)
at io.github.bonigarcia.wdm.WebDriverManager.handleException(WebDriverManager.java:1415)
at io.github.bonigarcia.wdm.WebDriverManager.manage(WebDriverManager.java:1190)
at io.github.bonigarcia.wdm.WebDriverManager.setup(WebDriverManager.java:427)
at com.qaportfolio.utils.DriverManager.initDriver(DriverManager.java:35)
at com.qaportfolio.base.BaseTest.setUp(BaseTest.java:27)
at java.base/java.util.ArrayList.forEach(ArrayList.java:1596)
at java.base/java.util.concurrent.FutureTask.run(FutureTask.java:317)
at java.base/java.util.concurrent.ThreadPoolExecutor.runWorker(ThreadPoolExecutor.java:1144)
at java.base/java.util.concurrent.ThreadPoolExecutor$Worker.run(ThreadPoolExecutor.java:642)
at java.base/java.lang.Thread.run(Thread.java:1583)
Caused by: io.github.bonigarcia.wdm.config.WebDriverManagerException: java.net.UnknownHostException: msedgedriver.azureedge.net
at io.github.bonigarcia.wdm.WebDriverManager.getDriversFromXml(WebDriverManager.java:1588)
at io.github.bonigarcia.wdm.managers.EdgeDriverManager.getDriverUrls(EdgeDriverManager.java:115)
at io.github.bonigarcia.wdm.WebDriverManager.createUrlHandler(WebDriverManager.java:1442)
at io.github.bonigarcia.wdm.WebDriverManager.download(WebDriverManager.java:1268)
at io.github.bonigarcia.wdm.WebDriverManager.manage(WebDriverManager.java:1184)
... 30 more
Caused by: java.net.UnknownHostException: msedgedriver.azureedge.net
at java.base/java.net.InetAddress$CachedLookup.get(InetAddress.java:988)
at java.base/java.net.InetAddress.getAllByName0(InetAddress.java:1818)
at java.base/java.net.InetAddress.getAllByName(InetAddress.java:1688)
at org.apache.hc.client5.http.SystemDefaultDnsResolver.resolve(SystemDefaultDnsResolver.java:43)
at org.apache.hc.client5.http.impl.io.DefaultHttpClientConnectionOperator.connect(DefaultHttpClientConnectionOperator.java:141)
at org.apache.hc.client5.http.impl.io.PoolingHttpClientConnectionManager.connect(PoolingHttpClientConnectionManager.java:447)
at org.apache.hc.client5.http.impl.classic.InternalExecRuntime.connectEndpoint(InternalExecRuntime.java:162)
at org.apache.hc.client5.http.impl.classic.InternalExecRuntime.connectEndpoint(InternalExecRuntime.java:172)
at org.apache.hc.client5.http.impl.classic.ConnectExec.execute(ConnectExec.java:142)
at org.apache.hc.client5.http.impl.classic.ExecChainElement.execute(ExecChainElement.java:51)
at org.apache.hc.client5.http.impl.classic.ProtocolExec.execute(ProtocolExec.java:192)
at org.apache.hc.client5.http.impl.classic.ExecChainElement.execute(ExecChainElement.java:51)
at org.apache.hc.client5.http.impl.classic.HttpRequestRetryExec.execute(HttpRequestRetryExec.java:96)
at org.apache.hc.client5.http.impl.classic.ExecChainElement.execute(ExecChainElement.java:51)
at org.apache.hc.client5.http.impl.classic.ContentCompressionExec.execute(ContentCompressionExec.java:152)
at org.apache.hc.client5.http.impl.classic.ExecChainElement.execute(ExecChainElement.java:51)
at org.apache.hc.client5.http.impl.classic.RedirectExec.execute(RedirectExec.java:115)
at org.apache.hc.client5.http.impl.classic.ExecChainElement.execute(ExecChainElement.java:51)
at org.apache.hc.client5.http.impl.classic.InternalHttpClient.doExecute(InternalHttpClient.java:170)
at org.apache.hc.client5.http.impl.classic.CloseableHttpClient.execute(CloseableHttpClient.java:87)
at org.apache.hc.client5.http.impl.classic.CloseableHttpClient.execute(CloseableHttpClient.java:55)
at org.apache.hc.client5.http.classic.HttpClient.executeOpen(HttpClient.java:183)
at io.github.bonigarcia.wdm.online.HttpClient.execute(HttpClient.java:157)
at io.github.bonigarcia.wdm.WebDriverManager.getDriversFromXml(WebDriverManager.java:1573)
... 34 more
... Removed 19 stack frames]]>
    </failure>
  </testcase> <!-- @BeforeMethod setUp -->
  <testcase classname="com.qaportfolio.base.BaseTest" name="@AfterMethod tearDown" time="0.0">
    <skipped/>
  </testcase> <!-- @AfterMethod tearDown -->
  <testcase classname="com.qaportfolio.base.BaseTest" name="@BeforeMethod setUp" time="0.0">
    <skipped/>
  </testcase> <!-- @BeforeMethod setUp -->
  <testcase classname="com.qaportfolio.base.BaseTest" name="@AfterMethod tearDown" time="0.0">
    <skipped/>
  </testcase> <!-- @AfterMethod tearDown -->
  <testcase classname="com.qaportfolio.base.BaseTest" name="@BeforeMethod setUp" time="0.0">
    <skipped/>
  </testcase> <!-- @BeforeMethod setUp -->
  <testcase classname="com.qaportfolio.base.BaseTest" name="@AfterMethod tearDown" time="0.0">
    <skipped/>
  </testcase> <!-- @AfterMethod tearDown -->
  <testcase classname="com.qaportfolio.base.BaseTest" name="@BeforeMethod setUp" time="0.0">
    <skipped/>
  </testcase> <!-- @BeforeMethod setUp -->
  <testcase classname="com.qaportfolio.base.BaseTest" name="@AfterMethod tearDown" time="0.0">
    <skipped/>
  </testcase> <!-- @AfterMethod tearDown -->
  <testcase classname="com.qaportfolio.base.BaseTest" name="@BeforeMethod setUp" time="0.0">
    <skipped/>
  </testcase> <!-- @BeforeMethod setUp -->
  <testcase classname="com.qaportfolio.base.BaseTest" name="@AfterMethod tearDown" time="0.0">
    <skipped/>
  </testcase> <!-- @AfterMethod tearDown -->
  <testcase classname="com.qaportfolio.base.BaseTest" name="@BeforeMethod setUp" time="0.0">
    <skipped/>
  </testcase> <!-- @BeforeMethod setUp -->
  <testcase classname="com.qaportfolio.base.BaseTest" name="@AfterMethod tearDown" time="0.0">
    <skipped/>
  </testcase> <!-- @AfterMethod tearDown -->
  <testcase classname="com.qaportfolio.tests.InventoryTest" name="TC01_ProductCountIs6" time="0.0">
    <skipped/>
  </testcase> <!-- TC01_ProductCountIs6 -->
  <testcase classname="com.qaportfolio.tests.LoginTest" name="TC01_ValidLogin" time="0.0">
    <skipped/>
  </testcase> <!-- TC01_ValidLogin -->
  <testcase classname="com.qaportfolio.tests.LoginTest" name="TC02_InvalidPassword" time="0.0">
    <skipped/>
  </testcase> <!-- TC02_InvalidPassword -->
  <testcase classname="com.qaportfolio.tests.InventoryTest" name="TC02_SortAtoZ" time="0.0">
    <skipped/>
  </testcase> <!-- TC02_SortAtoZ -->
  <testcase classname="com.qaportfolio.tests.LoginTest" name="TC03_EmptyUsername" time="0.0">
    <skipped/>
  </testcase> <!-- TC03_EmptyUsername -->
  <testcase classname="com.qaportfolio.tests.InventoryTest" name="TC03_SortZtoA" time="0.0">
    <skipped/>
  </testcase> <!-- TC03_SortZtoA -->
  <testcase classname="com.qaportfolio.tests.LoginTest" name="TC04_LockedOutUser" time="0.0">
    <skipped/>
  </testcase> <!-- TC04_LockedOutUser -->
  <testcase classname="com.qaportfolio.tests.InventoryTest" name="TC04_SortPriceLowToHigh" time="0.0">
    <skipped/>
  </testcase> <!-- TC04_SortPriceLowToHigh -->
  <testcase classname="com.qaportfolio.tests.InventoryTest" name="TC05_AddItemToCart" time="0.0">
    <skipped/>
  </testcase> <!-- TC05_AddItemToCart -->
  <testcase classname="com.qaportfolio.tests.LoginTest" name="TC05_EmptyPassword" time="0.0">
    <skipped/>
  </testcase> <!-- TC05_EmptyPassword -->
  <testcase classname="com.qaportfolio.tests.InventoryTest" name="TC06_AddMultipleItemsToCart" time="0.0">
    <skipped/>
  </testcase> <!-- TC06_AddMultipleItemsToCart -->
  <testcase classname="com.qaportfolio.tests.LoginTest" name="TC06_LoginPageLoads" time="0.0">
    <skipped/>
  </testcase> <!-- TC06_LoginPageLoads -->
  <testcase classname="com.qaportfolio.tests.LoginTest" name="TC07_DDT_LoginWithExcelData" time="0.0">
    <failure type="java.lang.RuntimeException" message="java.lang.RuntimeException: Sheet &amp;apos;LoginData&amp;apos; not found in src/test/resources/testdata/LoginData.xlsx">
      <![CDATA[java.lang.RuntimeException: java.lang.RuntimeException: Sheet 'LoginData' not found in src/test/resources/testdata/LoginData.xlsx
at java.base/java.util.ArrayList.forEach(ArrayList.java:1596)
at java.base/java.util.concurrent.FutureTask.run(FutureTask.java:317)
at java.base/java.util.concurrent.ThreadPoolExecutor.runWorker(ThreadPoolExecutor.java:1144)
at java.base/java.util.concurrent.ThreadPoolExecutor$Worker.run(ThreadPoolExecutor.java:642)
at java.base/java.lang.Thread.run(Thread.java:1583)
Caused by: java.lang.RuntimeException: Sheet 'LoginData' not found in src/test/resources/testdata/LoginData.xlsx
at com.qaportfolio.utils.ExcelReader.<init>(ExcelReader.java:21)
at com.qaportfolio.tests.LoginTest.loginDataProvider(LoginTest.java:18)
... 19 more
... Removed 20 stack frames]]>
    </failure>
  </testcase> <!-- TC07_DDT_LoginWithExcelData -->
  <testcase classname="com.qaportfolio.base.BaseTest" name="@BeforeSuite beforeSuite" time="0.0">
    <ignored/>
  </testcase> <!-- @BeforeSuite beforeSuite -->
  <testcase classname="com.qaportfolio.base.BaseTest" name="@AfterSuite afterSuite" time="0.0">
    <ignored/>
  </testcase> <!-- @AfterSuite afterSuite -->
</testsuite> <!-- Firefox Tests -->
