<?xml version="1.0" encoding="UTF-8"?>
<!-- Generated by org.testng.reporters.JUnitReportReporter -->
<testsuite hostname="abhat" failures="0" tests="6" name="com.qaportfolio.tests.InventoryTest" time="22.914" errors="0" timestamp="2026-05-16T16:10:19 IST" skipped="0">
  <testcase classname="com.qaportfolio.tests.InventoryTest" name="TC01_ProductCountIs6" time="4.753"/>
  <testcase classname="com.qaportfolio.tests.InventoryTest" name="TC02_SortAtoZ" time="4.276"/>
  <testcase classname="com.qaportfolio.tests.InventoryTest" name="TC03_SortZtoA" time="3.149"/>
  <testcase classname="com.qaportfolio.tests.InventoryTest" name="TC04_SortPriceLowToHigh" time="3.638"/>
  <testcase classname="com.qaportfolio.tests.InventoryTest" name="TC05_AddItemToCart" time="3.483"/>
  <testcase classname="com.qaportfolio.tests.InventoryTest" name="TC06_AddMultipleItemsToCart" time="3.615"/>
</testsuite> <!-- com.qaportfolio.tests.InventoryTest -->
