<?xml version="1.0" encoding="UTF-8"?>
<!-- Generated by org.testng.reporters.JUnitReportReporter -->
<testsuite hostname="abhat" failures="0" tests="9" name="com.qaportfolio.tests.LoginTest" time="30.905" errors="0" timestamp="2026-05-16T16:10:19 IST" skipped="0">
  <testcase classname="com.qaportfolio.tests.LoginTest" name="TC01_ValidLogin" time="2.981"/>
  <testcase classname="com.qaportfolio.tests.LoginTest" name="TC02_InvalidPassword" time="3.782"/>
  <testcase classname="com.qaportfolio.tests.LoginTest" name="TC03_EmptyUsername" time="3.844"/>
  <testcase classname="com.qaportfolio.tests.LoginTest" name="TC04_LockedOutUser" time="2.662"/>
  <testcase classname="com.qaportfolio.tests.LoginTest" name="TC05_EmptyPassword" time="2.818"/>
  <testcase classname="com.qaportfolio.tests.LoginTest" name="TC06_LoginPageLoads" time="3.725"/>
  <testcase classname="com.qaportfolio.tests.LoginTest" name="TC07_DDT_LoginWithExcelData" time="2.746"/>
  <testcase classname="com.qaportfolio.tests.LoginTest" name="TC07_DDT_LoginWithExcelData" time="4.415"/>
  <testcase classname="com.qaportfolio.tests.LoginTest" name="TC07_DDT_LoginWithExcelData" time="3.932"/>
</testsuite> <!-- com.qaportfolio.tests.LoginTest -->
