<?xml version="1.0" encoding="UTF-8"?>
<!-- Generated by org.testng.reporters.JUnitReportReporter -->
<testsuite hostname="abhat" failures="0" tests="3" name="com.qaportfolio.tests.CheckoutTest" time="10.884" errors="0" timestamp="2026-05-16T16:10:19 IST" skipped="0">
  <testcase classname="com.qaportfolio.tests.CheckoutTest" name="TC01_EndToEndCheckout" time="3.959"/>
  <testcase classname="com.qaportfolio.tests.CheckoutTest" name="TC02_CheckoutWithoutFirstName" time="3.675"/>
  <testcase classname="com.qaportfolio.tests.CheckoutTest" name="TC03_CheckoutWithoutPostalCode" time="3.250"/>
</testsuite> <!-- com.qaportfolio.tests.CheckoutTest -->
